epoch,accuracy,auc,loss,mean_absolute_error,precision,recall,true_negatives,true_positives,val_accuracy,val_auc,val_loss,val_mean_absolute_error,val_precision,val_recall,val_true_negatives,val_true_positives
0,0.8461291790008545,0.9269511103630066,0.4058987498283386,0.21127761900424957,0.8461291790008545,0.8461291790008545,63304.0,63304.0,0.9162029027938843,0.9694656133651733,0.26098158955574036,0.118004210293293,0.9162029027938843,0.9162029027938843,17122.0,17122.0
1,0.9195225834846497,0.9708730578422546,0.24332821369171143,0.12228011339902878,0.9195225834846497,0.9195225834846497,68795.0,68795.0,0.9000962972640991,0.9609168767929077,0.2817598581314087,0.1320217400789261,0.9000962972640991,0.9000962972640991,16821.0,16821.0
2,0.9321936368942261,0.9761456251144409,0.20903494954109192,0.10727957636117935,0.9321936368942261,0.9321936368942261,69743.0,69743.0,0.930008590221405,0.9764465093612671,0.21052685379981995,0.09513486176729202,0.930008590221405,0.930008590221405,17380.0,17380.0
3,0.9367782473564148,0.9787925481796265,0.19213265180587769,0.09962603449821472,0.9367782473564148,0.9367782473564148,70086.0,70086.0,0.9247645735740662,0.973412275314331,0.22441455721855164,0.09936932474374771,0.9247645735740662,0.9247645735740662,17282.0,17282.0
4,0.9403202533721924,0.9800944924354553,0.18295903503894806,0.09464415162801743,0.9403202533721924,0.9403202533721924,70351.0,70351.0,0.9471853375434875,0.98222815990448,0.17053401470184326,0.08108252286911011,0.9471853375434875,0.9471853375434875,17701.0,17701.0
5,0.9433543682098389,0.9810279011726379,0.1761123239994049,0.0906200110912323,0.9433543682098389,0.9433543682098389,70578.0,70578.0,0.9475064277648926,0.9822748303413391,0.16869202256202698,0.09233839064836502,0.9475064277648926,0.9475064277648926,17707.0,17707.0
6,0.9439959526062012,0.9820452332496643,0.17090602219104767,0.08855178952217102,0.9439959526062012,0.9439959526062012,70626.0,70626.0,0.9467572569847107,0.9838524460792542,0.1632697731256485,0.08281733095645905,0.9467572569847107,0.9467572569847107,17693.0,17693.0
7,0.9472839832305908,0.9836648106575012,0.1626155972480774,0.08423662930727005,0.9472839832305908,0.9472839832305908,70872.0,70872.0,0.9367508292198181,0.9758093357086182,0.20216146111488342,0.09110402315855026,0.9367508292198181,0.9367508292198181,17506.0,17506.0
8,0.9474577903747559,0.9833876490592957,0.16224539279937744,0.08378711342811584,0.9474577903747559,0.9474577903747559,70885.0,70885.0,0.9477739930152893,0.9816858768463135,0.17069418728351593,0.09536072611808777,0.9477739930152893,0.9477739930152893,17712.0,17712.0
9,0.9481661915779114,0.9837926030158997,0.16039840877056122,0.08299601078033447,0.9481661915779114,0.9481661915779114,70938.0,70938.0,0.9445098638534546,0.9812880158424377,0.17352508008480072,0.09555191546678543,0.9445098638534546,0.9445098638534546,17651.0,17651.0
10,0.9504651427268982,0.9848117232322693,0.1544937938451767,0.08008946478366852,0.9504651427268982,0.9504651427268982,71110.0,71110.0,0.9493792653083801,0.9832115769386292,0.1616799533367157,0.0862123891711235,0.9493792653083801,0.9493792653083801,17742.0,17742.0
11,0.9515210390090942,0.9855256676673889,0.150533527135849,0.0779581144452095,0.9515210390090942,0.9515210390090942,71189.0,71189.0,0.9503960013389587,0.9827156662940979,0.16274680197238922,0.07656579464673996,0.9503960013389587,0.9503960013389587,17761.0,17761.0
12,0.952724039554596,0.9860652089118958,0.1476110816001892,0.07621509581804276,0.952724039554596,0.952724039554596,71279.0,71279.0,0.9481485486030579,0.9830254912376404,0.1613999605178833,0.07658301293849945,0.9481485486030579,0.9481485486030579,17719.0,17719.0
13,0.952109158039093,0.9860773086547852,0.14757584035396576,0.076453298330307,0.952109158039093,0.952109158039093,71233.0,71233.0,0.9454195499420166,0.9827896952629089,0.16559864580631256,0.08072639256715775,0.9454195499420166,0.9454195499420166,17668.0,17668.0
14,0.9540071487426758,0.9865909814834595,0.14401774108409882,0.07454489916563034,0.9540071487426758,0.9540071487426758,71375.0,71375.0,0.9407641291618347,0.9774300456047058,0.18835942447185516,0.09005849808454514,0.9407641291618347,0.9407641291618347,17581.0,17581.0
15,0.9530314207077026,0.9867278933525085,0.14421981573104858,0.07482889294624329,0.9530314207077026,0.9530314207077026,71302.0,71302.0,0.9511451125144958,0.9836212992668152,0.16185462474822998,0.06965400278568268,0.9511451125144958,0.9511451125144958,17775.0,17775.0
16,0.9542611241340637,0.9871286749839783,0.14147765934467316,0.07334225624799728,0.9542611241340637,0.9542611241340637,71394.0,71394.0,0.9507705569267273,0.9832738637924194,0.159424290060997,0.07162854075431824,0.9507705569267273,0.9507705569267273,17768.0,17768.0
17,0.9540205597877502,0.9872457981109619,0.14098908007144928,0.07308930903673172,0.9540205597877502,0.9540205597877502,71376.0,71376.0,0.9515196681022644,0.9837625026702881,0.1574535369873047,0.07718377560377121,0.9515196681022644,0.9515196681022644,17782.0,17782.0
18,0.9553304314613342,0.9878287315368652,0.13742347061634064,0.07141996175050735,0.9553304314613342,0.9553304314613342,71474.0,71474.0,0.9520012736320496,0.9833546280860901,0.16281570494174957,0.06663496792316437,0.9520012736320496,0.9520012736320496,17791.0,17791.0
19,0.9563863277435303,0.9880254864692688,0.13568873703479767,0.07009068876504898,0.9563863277435303,0.9563863277435303,71553.0,71553.0,0.9505029916763306,0.9836560487747192,0.15801087021827698,0.0767766535282135,0.9505029916763306,0.9505029916763306,17763.0,17763.0
20,0.9553304314613342,0.9881118535995483,0.13641270995140076,0.07113233953714371,0.9553304314613342,0.9553304314613342,71474.0,71474.0,0.9412992000579834,0.9781034588813782,0.18869437277317047,0.08507119864225388,0.9412992000579834,0.9412992000579834,17591.0,17591.0
21,0.9574689865112305,0.9886236190795898,0.13259373605251312,0.068404920399189,0.9574689865112305,0.9574689865112305,71634.0,71634.0,0.9459546208381653,0.9815653562545776,0.17139330506324768,0.08068463206291199,0.9459546208381653,0.9459546208381653,17678.0,17678.0
22,0.9561457633972168,0.9883723258972168,0.13441093266010284,0.07003184407949448,0.9561457633972168,0.9561457633972168,71535.0,71535.0,0.9451519846916199,0.9823779463768005,0.16897781193256378,0.0780535563826561,0.9451519846916199,0.9451519846916199,17663.0,17663.0
23,0.9573085904121399,0.9891679883003235,0.1301587074995041,0.06783110648393631,0.9573085904121399,0.9573085904121399,71622.0,71622.0,0.9492722749710083,0.9818906188011169,0.1665469855070114,0.08939282596111298,0.9492722749710083,0.9492722749710083,17740.0,17740.0
24,0.9574957489967346,0.9892587065696716,0.12967632710933685,0.06763490289449692,0.9574957489967346,0.9574957489967346,71636.0,71636.0,0.951626718044281,0.9827349185943604,0.16321535408496857,0.07060644030570984,0.951626718044281,0.951626718044281,17784.0,17784.0
25,0.9583377838134766,0.9896875023841858,0.1267825961112976,0.06608334928750992,0.9583377838134766,0.9583377838134766,71699.0,71699.0,0.9487371444702148,0.9830187559127808,0.16197893023490906,0.07630721479654312,0.9487371444702148,0.9487371444702148,17730.0,17730.0
26,0.9576961994171143,0.9895345568656921,0.12858888506889343,0.06715302169322968,0.9576961994171143,0.9576961994171143,71651.0,71651.0,0.9461686611175537,0.9813189506530762,0.17034003138542175,0.07799053937196732,0.9461686611175537,0.9461686611175537,17682.0,17682.0
27,0.9583110809326172,0.9898832440376282,0.12626062333583832,0.06586114317178726,0.9583110809326172,0.9583110809326172,71697.0,71697.0,0.947399377822876,0.9827892780303955,0.16428010165691376,0.07602362334728241,0.947399377822876,0.947399377822876,17705.0,17705.0
28,0.9588991403579712,0.9900619983673096,0.12482888996601105,0.06506629288196564,0.9588991403579712,0.9588991403579712,71741.0,71741.0,0.9464362263679504,0.981364905834198,0.1722724288702011,0.07301311194896698,0.9464362263679504,0.9464362263679504,17687.0,17687.0
29,0.9591531157493591,0.9904220104217529,0.12258003652095795,0.06408862769603729,0.9591531157493591,0.9591531157493591,71760.0,71760.0,0.9502889513969421,0.9827554821968079,0.1663220077753067,0.06800595670938492,0.9502889513969421,0.9502889513969421,17759.0,17759.0
30,0.9590060710906982,0.9905725121498108,0.12241744250059128,0.0643375962972641,0.9590060710906982,0.9590060710906982,71749.0,71749.0,0.948630154132843,0.9818340539932251,0.16985991597175598,0.0736829861998558,0.948630154132843,0.948630154132843,17728.0,17728.0
31,0.9584046006202698,0.9905393719673157,0.12262921035289764,0.06441362202167511,0.9584046006202698,0.9584046006202698,71704.0,71704.0,0.9484161138534546,0.9826771020889282,0.16387148201465607,0.07565444707870483,0.9484161138534546,0.9484161138534546,17724.0,17724.0
32,0.9597679376602173,0.9909176826477051,0.11987561732530594,0.0629209578037262,0.9597679376602173,0.9597679376602173,71806.0,71806.0,0.9482555389404297,0.9800838828086853,0.17751087248325348,0.07584738731384277,0.9482555389404297,0.9482555389404297,17721.0,17721.0
33,0.959848165512085,0.9910709857940674,0.11909708380699158,0.06249558925628662,0.959848165512085,0.959848165512085,71812.0,71812.0,0.9462757110595703,0.9813002943992615,0.1753498911857605,0.07011808454990387,0.9462757110595703,0.9462757110595703,17684.0,17684.0
34,0.9598348140716553,0.9911488890647888,0.11883114278316498,0.062418412417173386,0.9598348140716553,0.9598348140716553,71811.0,71811.0,0.9461686611175537,0.9811636209487915,0.17481720447540283,0.07459008693695068,0.9461686611175537,0.9461686611175537,17682.0,17682.0
35,0.960970938205719,0.9914049506187439,0.1162942573428154,0.06105232611298561,0.960970938205719,0.960970938205719,71896.0,71896.0,0.9455265402793884,0.9812191128730774,0.1812487542629242,0.07043653726577759,0.9455265402793884,0.9455265402793884,17670.0,17670.0
36,0.9601956605911255,0.9912297129631042,0.11862426996231079,0.06228617951273918,0.9601956605911255,0.9601956605911255,71838.0,71838.0,0.9454730153083801,0.9798453450202942,0.18417592346668243,0.07153841853141785,0.9454730153083801,0.9454730153083801,17669.0,17669.0
37,0.9616659283638,0.9920119643211365,0.11323875933885574,0.05987360328435898,0.9616659283638,0.9616659283638,71948.0,71948.0,0.9491652250289917,0.9828315377235413,0.16466480493545532,0.070255346596241,0.9491652250289917,0.9491652250289917,17738.0,17738.0
38,0.9611847996711731,0.9917165637016296,0.11540241539478302,0.06091955304145813,0.9611847996711731,0.9611847996711731,71912.0,71912.0,0.9442422986030579,0.9791833162307739,0.19418135285377502,0.06952744722366333,0.9442422986030579,0.9442422986030579,17646.0,17646.0
39,0.9609842896461487,0.9920662045478821,0.1135702133178711,0.05968065559864044,0.9609842896461487,0.9609842896461487,71897.0,71897.0,0.9443492889404297,0.9810031056404114,0.17768119275569916,0.0712992399930954,0.9443492889404297,0.9443492889404297,17648.0,17648.0
40,0.9615189433097839,0.9921610355377197,0.11283561587333679,0.05963969975709915,0.9615189433097839,0.9615189433097839,71937.0,71937.0,0.9450449347496033,0.9805179834365845,0.17955228686332703,0.07654281705617905,0.9450449347496033,0.9450449347496033,17661.0,17661.0
41,0.960797131061554,0.9925597310066223,0.11099713295698166,0.05902141332626343,0.960797131061554,0.960797131061554,71883.0,71883.0,0.9503424763679504,0.9816281199455261,0.17452043294906616,0.06587657332420349,0.9503424763679504,0.9503424763679504,17760.0,17760.0
42,0.9607704281806946,0.9922981262207031,0.11316322535276413,0.059858717024326324,0.9607704281806946,0.9607704281806946,71881.0,71881.0,0.9411922097206116,0.9791831970214844,0.1840457171201706,0.0828072726726532,0.9411922097206116,0.9411922097206116,17589.0,17589.0
43,0.9624277949333191,0.9925753474235535,0.10989730060100555,0.0578845739364624,0.9624277949333191,0.9624277949333191,72005.0,72005.0,0.9457405805587769,0.9817196130752563,0.1775047332048416,0.07251662760972977,0.9457405805587769,0.9457405805587769,17674.0,17674.0
44,0.9619065523147583,0.9925719499588013,0.1102350652217865,0.0584181547164917,0.9619065523147583,0.9619065523147583,71966.0,71966.0,0.9376605153083801,0.9784384965896606,0.1856844425201416,0.0923551470041275,0.9376605153083801,0.9376605153083801,17523.0,17523.0
45,0.9615724086761475,0.9926325678825378,0.11030317842960358,0.05889030545949936,0.9615724086761475,0.9615724086761475,71941.0,71941.0,0.9481485486030579,0.9815219640731812,0.17341826856136322,0.07019654661417007,0.9481485486030579,0.9481485486030579,17719.0,17719.0
46,0.9626016020774841,0.992760181427002,0.10866351425647736,0.057672884315252304,0.9626016020774841,0.9626016020774841,72018.0,72018.0,0.9462757110595703,0.9800879955291748,0.18243977427482605,0.0725443884730339,0.9462757110595703,0.9462757110595703,17684.0,17684.0
47,0.9629089832305908,0.9930739998817444,0.10629686713218689,0.05618613213300705,0.9629089832305908,0.9629089832305908,72041.0,72041.0,0.9442422986030579,0.980595588684082,0.17698414623737335,0.07922779023647308,0.9442422986030579,0.9442422986030579,17646.0,17646.0
48,0.9633500576019287,0.993362307548523,0.10450580716133118,0.055500686168670654,0.9633500576019287,0.9633500576019287,72074.0,72074.0,0.9462757110595703,0.9796774983406067,0.1928505003452301,0.06637679040431976,0.9462757110595703,0.9462757110595703,17684.0,17684.0
49,0.96257483959198,0.9931364059448242,0.10674643516540527,0.05694473534822464,0.96257483959198,0.96257483959198,72016.0,72016.0,0.9469178318977356,0.9807825684547424,0.17969989776611328,0.07172232866287231,0.9469178318977356,0.9469178318977356,17696.0,17696.0
50,0.9625614881515503,0.9931750297546387,0.10615919530391693,0.056461580097675323,0.9625614881515503,0.9625614881515503,72015.0,72015.0,0.9385166764259338,0.9779054522514343,0.19739580154418945,0.07756751030683517,0.9385166764259338,0.9385166764259338,17539.0,17539.0
51,0.9626149535179138,0.9934548735618591,0.10448490083217621,0.0555325485765934,0.9626149535179138,0.9626149535179138,72019.0,72019.0,0.946222186088562,0.9804877042770386,0.18833868205547333,0.06826566904783249,0.946222186088562,0.946222186088562,17683.0,17683.0
52,0.9639381766319275,0.9935788512229919,0.1037132516503334,0.05529675632715225,0.9639381766319275,0.9639381766319275,72118.0,72118.0,0.9443492889404297,0.979780912399292,0.1878969967365265,0.07161728292703629,0.9443492889404297,0.9443492889404297,17648.0,17648.0
53,0.9632431268692017,0.9936335682868958,0.10358955711126328,0.05515453219413757,0.9632431268692017,0.9632431268692017,72066.0,72066.0,0.9440282583236694,0.9803391695022583,0.17764295637607574,0.07936177402734756,0.9440282583236694,0.9440282583236694,17642.0,17642.0
54,0.9628956317901611,0.9939427971839905,0.10207443684339523,0.05453970283269882,0.9628956317901611,0.9628956317901611,72040.0,72040.0,0.9448308944702148,0.9793276190757751,0.18916991353034973,0.06926809996366501,0.9448308944702148,0.9448308944702148,17657.0,17657.0
55,0.9634035229682922,0.9938413500785828,0.10248494148254395,0.05485367029905319,0.9634035229682922,0.9634035229682922,72078.0,72078.0,0.9457405805587769,0.9802570939064026,0.1860371083021164,0.06992298364639282,0.9457405805587769,0.9457405805587769,17674.0,17674.0
56,0.9649139046669006,0.9941179752349854,0.09965267777442932,0.05308711901307106,0.9649139046669006,0.9649139046669006,72191.0,72191.0,0.9440817832946777,0.9794377684593201,0.18786053359508514,0.0741802453994751,0.9440817832946777,0.9440817832946777,17643.0,17643.0
57,0.9643792510032654,0.9941647052764893,0.0996854305267334,0.05315462872385979,0.9643792510032654,0.9643792510032654,72151.0,72151.0,0.9440282583236694,0.9798441529273987,0.18757671117782593,0.07205206900835037,0.9440282583236694,0.9440282583236694,17642.0,17642.0
58,0.9628822803497314,0.9940292239189148,0.10102786868810654,0.053881339728832245,0.9628822803497314,0.9628822803497314,72039.0,72039.0,0.943814218044281,0.9792121052742004,0.1943620890378952,0.07219485938549042,0.943814218044281,0.943814218044281,17638.0,17638.0
59,0.964352548122406,0.9940407872200012,0.10036449879407883,0.053150951862335205,0.964352548122406,0.964352548122406,72149.0,72149.0,0.9446168541908264,0.980930507183075,0.18402798473834991,0.0692717581987381,0.9446168541908264,0.9446168541908264,17653.0,17653.0
60,0.9645262956619263,0.9940217137336731,0.09974135458469391,0.05289388820528984,0.9645262956619263,0.9645262956619263,72162.0,72162.0,0.9458476305007935,0.9795189499855042,0.1888379454612732,0.06806784123182297,0.9458476305007935,0.9458476305007935,17676.0,17676.0
61,0.9654886722564697,0.9944133758544922,0.09674069285392761,0.05185924470424652,0.9654886722564697,0.9654886722564697,72234.0,72234.0,0.942904531955719,0.9795299768447876,0.18835783004760742,0.0744144544005394,0.942904531955719,0.942904531955719,17621.0,17621.0
62,0.9639381766319275,0.9942898750305176,0.09906689077615738,0.05285944417119026,0.9639381766319275,0.9639381766319275,72118.0,72118.0,0.9450984597206116,0.980252742767334,0.18727251887321472,0.07063189893960953,0.9450984597206116,0.9450984597206116,17662.0,17662.0
63,0.9643792510032654,0.9944693446159363,0.09797312319278717,0.05262002348899841,0.9643792510032654,0.9643792510032654,72151.0,72151.0,0.940496563911438,0.9789669513702393,0.18850795924663544,0.07975327223539352,0.940496563911438,0.940496563911438,17576.0,17576.0
64,0.9642723202705383,0.9944239854812622,0.09780517220497131,0.052121683955192566,0.9642723202705383,0.9642723202705383,72143.0,72143.0,0.9426904916763306,0.9781149625778198,0.20390929281711578,0.07012458890676498,0.9426904916763306,0.9426904916763306,17617.0,17617.0
65,0.9651678800582886,0.9945942163467407,0.09618928283452988,0.05164285749197006,0.9651678800582886,0.9651678800582886,72210.0,72210.0,0.9457405805587769,0.9791721105575562,0.19739696383476257,0.06682563573122025,0.9457405805587769,0.9457405805587769,17674.0,17674.0
66,0.9648337364196777,0.9944820404052734,0.09659375995397568,0.05158026143908501,0.9648337364196777,0.9648337364196777,72185.0,72185.0,0.9459546208381653,0.979634165763855,0.19027400016784668,0.06804826110601425,0.9459546208381653,0.9459546208381653,17678.0,17678.0
67,0.9655956029891968,0.994597315788269,0.0963803082704544,0.05148416385054588,0.9655956029891968,0.9655956029891968,72242.0,72242.0,0.944402813911438,0.9794212579727173,0.19131046533584595,0.06801443547010422,0.944402813911438,0.944402813911438,17649.0,17649.0
68,0.969872772693634,0.9961754679679871,0.08198155462741852,0.045320846140384674,0.969872772693634,0.969872772693634,72562.0,72562.0,0.9458476305007935,0.9794468879699707,0.19467495381832123,0.06729377061128616,0.9458476305007935,0.9458476305007935,17676.0,17676.0
69,0.9722251892089844,0.9968234300613403,0.07543453574180603,0.042674560099840164,0.9722251892089844,0.9722251892089844,72738.0,72738.0,0.9455265402793884,0.9801821708679199,0.18961478769779205,0.06640258431434631,0.9455265402793884,0.9455265402793884,17670.0,17670.0
70,0.9720514416694641,0.9971202611923218,0.0736904889345169,0.04213738441467285,0.9720514416694641,0.9720514416694641,72725.0,72725.0,0.9430650472640991,0.9782033562660217,0.20048284530639648,0.06955255568027496,0.9430650472640991,0.9430650472640991,17624.0,17624.0
71,0.9730138182640076,0.9973606467247009,0.07021976262331009,0.040683746337890625,0.9730138182640076,0.9730138182640076,72797.0,72797.0,0.9432790875434875,0.9798219799995422,0.19479869306087494,0.06736727803945541,0.9432790875434875,0.9432790875434875,17628.0,17628.0
72,0.9734682440757751,0.9975282549858093,0.0680636465549469,0.039484065026044846,0.9734682440757751,0.9734682440757751,72831.0,72831.0,0.9425835013389587,0.9779719710350037,0.2070775032043457,0.06863392144441605,0.9425835013389587,0.9425835013389587,17615.0,17615.0
73,0.9738959670066833,0.9975869655609131,0.06647416204214096,0.03893384709954262,0.9738959670066833,0.9738959670066833,72863.0,72863.0,0.9420483708381653,0.9783278703689575,0.20770594477653503,0.06838130950927734,0.9420483708381653,0.9420483708381653,17605.0,17605.0
74,0.974564254283905,0.997707188129425,0.06585876643657684,0.038387127220630646,0.974564254283905,0.974564254283905,72913.0,72913.0,0.9432790875434875,0.9783650040626526,0.20351818203926086,0.06637179851531982,0.9432790875434875,0.9432790875434875,17628.0,17628.0
75,0.9738959670066833,0.9977160692214966,0.06525565683841705,0.038224801421165466,0.9738959670066833,0.9738959670066833,72863.0,72863.0,0.9437071681022644,0.9778280854225159,0.2096744328737259,0.06718327105045319,0.9437071681022644,0.9437071681022644,17636.0,17636.0
76,0.9742167592048645,0.9976349472999573,0.06525669991970062,0.03778024762868881,0.9742167592048645,0.9742167592048645,72887.0,72887.0,0.9407641291618347,0.9775287508964539,0.21575342118740082,0.06904222071170807,0.9407641291618347,0.9407641291618347,17581.0,17581.0
77,0.9750855565071106,0.9977573752403259,0.0634172260761261,0.03726223483681679,0.9750855565071106,0.9750855565071106,72952.0,72952.0,0.9435466527938843,0.9777129888534546,0.21094602346420288,0.06609471142292023,0.9435466527938843,0.9435466527938843,17633.0,17633.0
78,0.9745375514030457,0.9978135228157043,0.06316506117582321,0.03695743903517723,0.9745375514030457,0.9745375514030457,72911.0,72911.0,0.943225622177124,0.9778122901916504,0.2113739252090454,0.06645818799734116,0.943225622177124,0.943225622177124,17627.0,17627.0
79,0.9747914671897888,0.9979555606842041,0.06159532070159912,0.03666380047798157,0.9747914671897888,0.9747914671897888,72930.0,72930.0,0.9405500888824463,0.9770917892456055,0.21965277194976807,0.06791333109140396,0.9405500888824463,0.9405500888824463,17577.0,17577.0
80,0.9744038581848145,0.9979127645492554,0.06207422912120819,0.036586862057447433,0.9744038581848145,0.9744038581848145,72901.0,72901.0,0.9432790875434875,0.9776265025138855,0.21611273288726807,0.06548518687486649,0.9432790875434875,0.9432790875434875,17628.0,17628.0
81,0.9750587940216064,0.9979534149169922,0.06109629571437836,0.036067068576812744,0.9750587940216064,0.9750587940216064,72950.0,72950.0,0.9372324347496033,0.9758003354072571,0.23070986568927765,0.07098709046840668,0.9372324347496033,0.9372324347496033,17515.0,17515.0
82,0.9744306206703186,0.9979674220085144,0.061182424426078796,0.03622547164559364,0.9744306206703186,0.9744306206703186,72903.0,72903.0,0.9416738152503967,0.976935088634491,0.21925202012062073,0.06666680425405502,0.9416738152503967,0.9416738152503967,17598.0,17598.0
83,0.974564254283905,0.9979568123817444,0.06114969402551651,0.03615172579884529,0.974564254283905,0.974564254283905,72913.0,72913.0,0.9388377666473389,0.975532054901123,0.23178814351558685,0.06930635869503021,0.9388377666473389,0.9388377666473389,17545.0,17545.0
84,0.975874125957489,0.9981462955474854,0.05893288925290108,0.035246532410383224,0.975874125957489,0.975874125957489,73011.0,73011.0,0.9421554207801819,0.9780471920967102,0.21495448052883148,0.06619913130998611,0.9421554207801819,0.9421554207801819,17607.0,17607.0
85,0.9752058386802673,0.9980486631393433,0.0596596784889698,0.03552082180976868,0.9752058386802673,0.9752058386802673,72961.0,72961.0,0.9393728375434875,0.976250946521759,0.22862225770950317,0.06869462877511978,0.9393728375434875,0.9393728375434875,17555.0,17555.0
86,0.9754865169525146,0.9980772137641907,0.058796826750040054,0.03509853780269623,0.9754865169525146,0.9754865169525146,72982.0,72982.0,0.9416738152503967,0.9760631322860718,0.2282390594482422,0.06590082496404648,0.9416738152503967,0.9416738152503967,17598.0,17598.0
87,0.9752726554870605,0.9980897307395935,0.05864815413951874,0.03480004519224167,0.9752726554870605,0.9752726554870605,72966.0,72966.0,0.9409246444702148,0.9764472246170044,0.22602979838848114,0.0658130943775177,0.9409246444702148,0.9409246444702148,17584.0,17584.0
88,0.9750587940216064,0.9980776906013489,0.05870302766561508,0.03487313166260719,0.9750587940216064,0.9750587940216064,72950.0,72950.0,0.937178909778595,0.9755924344062805,0.23606754839420319,0.06942227482795715,0.937178909778595,0.937178909778595,17514.0,17514.0
89,0.9759810566902161,0.9981890916824341,0.05795969441533089,0.034535717219114304,0.9759810566902161,0.9759810566902161,73019.0,73019.0,0.9425835013389587,0.9768922924995422,0.22286522388458252,0.06467747688293457,0.9425835013389587,0.9425835013389587,17615.0,17615.0
90,0.9754330515861511,0.9981457591056824,0.05784709379076958,0.03444785624742508,0.9754330515861511,0.9754330515861511,72978.0,72978.0,0.9398544430732727,0.9761316776275635,0.2324802726507187,0.06837625056505203,0.9398544430732727,0.9398544430732727,17564.0,17564.0
91,0.9754598140716553,0.9981090426445007,0.05806148797273636,0.034524161368608475,0.9754598140716553,0.9754598140716553,72980.0,72980.0,0.9393728375434875,0.9750605225563049,0.23730187118053436,0.06794866174459457,0.9393728375434875,0.9393728375434875,17555.0,17555.0
92,0.9760078191757202,0.9982284307479858,0.05674789845943451,0.03408832103013992,0.9760078191757202,0.9760078191757202,73021.0,73021.0,0.9403895735740662,0.9763149619102478,0.22825933992862701,0.06806284934282303,0.9403895735740662,0.9403895735740662,17574.0,17574.0
93,0.975941002368927,0.998264491558075,0.05634116753935814,0.034105025231838226,0.975941002368927,0.975941002368927,73016.0,73016.0,0.9392123222351074,0.9757237434387207,0.23434649407863617,0.06751766055822372,0.9392123222351074,0.9392123222351074,17552.0,17552.0
94,0.9764488935470581,0.9982781410217285,0.055647529661655426,0.033510394394397736,0.9764488935470581,0.9764488935470581,73054.0,73054.0,0.9393728375434875,0.9758214950561523,0.23143179714679718,0.06901001185178757,0.9393728375434875,0.9393728375434875,17555.0,17555.0
95,0.9762884974479675,0.9982547760009766,0.05638648569583893,0.033877503126859665,0.9762884974479675,0.9762884974479675,73042.0,73042.0,0.9388377666473389,0.9753255844116211,0.2374202013015747,0.06910904496908188,0.9388377666473389,0.9388377666473389,17545.0,17545.0
96,0.9760612845420837,0.9982932209968567,0.05588441342115402,0.03366515040397644,0.9760612845420837,0.9760612845420837,73025.0,73025.0,0.9385702013969421,0.975217878818512,0.23746035993099213,0.06790611892938614,0.9385702013969421,0.9385702013969421,17540.0,17540.0
97,0.9761815667152405,0.9983253479003906,0.05543670058250427,0.033531930297613144,0.9761815667152405,0.9761815667152405,73034.0,73034.0,0.9392123222351074,0.9753931164741516,0.24165041744709015,0.0670873150229454,0.9392123222351074,0.9392123222351074,17552.0,17552.0
98,0.9758474230766296,0.9982829093933105,0.05562964826822281,0.033583853393793106,0.9758474230766296,0.9758474230766296,73009.0,73009.0,0.9391053318977356,0.9754272103309631,0.23800063133239746,0.06798702478408813,0.9391053318977356,0.9391053318977356,17550.0,17550.0
99,0.9752994179725647,0.9982178211212158,0.05626760050654411,0.03367242589592934,0.9752994179725647,0.9752994179725647,72968.0,72968.0,0.9403360486030579,0.975685715675354,0.23810331523418427,0.06592588871717453,0.9403360486030579,0.9403360486030579,17573.0,17573.0
100,0.9767696857452393,0.9984076619148254,0.0542081743478775,0.03285321965813637,0.9767696857452393,0.9767696857452393,73078.0,73078.0,0.9406570792198181,0.9748168587684631,0.2443130910396576,0.0662863627076149,0.9406570792198181,0.9406570792198181,17579.0,17579.0
101,0.9761414527893066,0.9983225464820862,0.05470694974064827,0.03279857337474823,0.9761414527893066,0.9761414527893066,73031.0,73031.0,0.9375535249710083,0.9744628667831421,0.24680505692958832,0.06914898753166199,0.9375535249710083,0.9375535249710083,17521.0,17521.0
102,0.9763152003288269,0.9982935786247253,0.05499713867902756,0.032974958419799805,0.9763152003288269,0.9763152003288269,73044.0,73044.0,0.9390518069267273,0.9753637909889221,0.24185936152935028,0.0668535828590393,0.9390518069267273,0.9390518069267273,17549.0,17549.0
103,0.9755132794380188,0.9983616471290588,0.05477124825119972,0.03298497572541237,0.9755132794380188,0.9755132794380188,72984.0,72984.0,0.9388377666473389,0.9746639728546143,0.24404656887054443,0.0679105594754219,0.9388377666473389,0.9388377666473389,17545.0,17545.0
104,0.9767429232597351,0.9984467625617981,0.05321898311376572,0.03228020668029785,0.9767429232597351,0.9767429232597351,73076.0,73076.0,0.9395334124565125,0.9750055074691772,0.2415212094783783,0.06641599535942078,0.9395334124565125,0.9395334124565125,17558.0,17558.0
105,0.976235032081604,0.998353123664856,0.05421514809131622,0.032829076051712036,0.976235032081604,0.976235032081604,73038.0,73038.0,0.9366973638534546,0.9749913811683655,0.2487391084432602,0.06833696365356445,0.9366973638534546,0.9366973638534546,17505.0,17505.0
106,0.9770904779434204,0.9985030293464661,0.05233205482363701,0.03195681795477867,0.9770904779434204,0.9770904779434204,73102.0,73102.0,0.9390518069267273,0.9753642082214355,0.2376600056886673,0.06872132420539856,0.9390518069267273,0.9390518069267273,17549.0,17549.0
107,0.9763152003288269,0.9983749389648438,0.05377022922039032,0.03233077749609947,0.9763152003288269,0.9763152003288269,73044.0,73044.0,0.9373929500579834,0.9739626049995422,0.25312137603759766,0.06877977401018143,0.9373929500579834,0.9373929500579834,17518.0,17518.0
108,0.9752994179725647,0.998309314250946,0.055360108613967896,0.03319115191698074,0.9752994179725647,0.9752994179725647,72968.0,72968.0,0.9372324347496033,0.975335955619812,0.24596010148525238,0.06897614151239395,0.9372324347496033,0.9372324347496033,17515.0,17515.0
109,0.9761548042297363,0.9984014630317688,0.05309702455997467,0.03211871162056923,0.9761548042297363,0.9761548042297363,73032.0,73032.0,0.9385166764259338,0.9747445583343506,0.24799668788909912,0.06788613647222519,0.9385166764259338,0.9385166764259338,17539.0,17539.0
110,0.9769701957702637,0.9985023736953735,0.052030276507139206,0.0316677950322628,0.9769701957702637,0.9769701957702637,73093.0,73093.0,0.9387842416763306,0.9751686453819275,0.2470419853925705,0.06677433848381042,0.9387842416763306,0.9387842416763306,17544.0,17544.0
111,0.9762216806411743,0.9983925819396973,0.05413522571325302,0.03262712061405182,0.9762216806411743,0.9762216806411743,73037.0,73037.0,0.9366438388824463,0.9741646647453308,0.2557617723941803,0.06944894045591354,0.9366438388824463,0.9366438388824463,17504.0,17504.0
112,0.9765157103538513,0.9984851479530334,0.05235391482710838,0.03168816491961479,0.9765157103538513,0.9765157103538513,73059.0,73059.0,0.9384632110595703,0.9746162295341492,0.24758270382881165,0.06844127178192139,0.9384632110595703,0.9384632110595703,17538.0,17538.0
113,0.9765558242797852,0.9983925223350525,0.05345845967531204,0.032098788768053055,0.9765558242797852,0.9765558242797852,73062.0,73062.0,0.937178909778595,0.9741473197937012,0.2517474591732025,0.06903354078531265,0.937178909778595,0.937178909778595,17514.0,17514.0
114,0.9766226410865784,0.9984667301177979,0.05268240347504616,0.0320575013756752,0.9766226410865784,0.9766226410865784,73067.0,73067.0,0.9364833235740662,0.975257396697998,0.25146186351776123,0.06939101964235306,0.9364833235740662,0.9364833235740662,17501.0,17501.0
115,0.977077066898346,0.9985299110412598,0.05183740705251694,0.0311737097799778,0.977077066898346,0.977077066898346,73101.0,73101.0,0.9377140402793884,0.9741701483726501,0.2541103661060333,0.06833529472351074,0.9377140402793884,0.9377140402793884,17524.0,17524.0
116,0.9765424728393555,0.998397946357727,0.0532400980591774,0.032030265778303146,0.9765424728393555,0.9765424728393555,73061.0,73061.0,0.9364833235740662,0.9744952321052551,0.2548045217990875,0.06974051892757416,0.9364833235740662,0.9364833235740662,17501.0,17501.0
117,0.9770503640174866,0.9985519051551819,0.05106586590409279,0.03131694346666336,0.9770503640174866,0.9770503640174866,73099.0,73099.0,0.9372324347496033,0.9749323725700378,0.2549809515476227,0.06802398711442947,0.9372324347496033,0.9372324347496033,17515.0,17515.0
